<?xml version="1.0" encoding="UTF-8"?>
<!-- Generated by org.testng.reporters.JUnitReportReporter -->
<testsuite hostname="DESKTOP-AFU83HT" failures="0" tests="1" name="NewTest" time="0.010" errors="0" timestamp="04 Jul. 2019 08:56:58 GMT" skipped="0">
  <testcase classname="NewTest" name="f" time="0.010"/>
</testsuite> <!-- NewTest -->
